C:\Program Files\Microsoft Visual Studio\2022\Community\MSBuild\Microsoft\VC\v170\Microsoft.CppBuild.targets(531,5): warning MSB8028: The intermediate directory (C:\Users\nicol\Desktop\FH Projekte\Second-Year\MMP2\mmp2\vs2022\..\tmp\Win32\Debug\) contains files shared from another project (FinalFrontier.vcxproj).  This can lead to incorrect clean and rebuild behavior.
     Creating library C:\Users\nicol\Desktop\FH Projekte\Second-Year\MMP2\mmp2\vs2022\..\bin\SlimyKnightmare-x86-Debug.lib and object C:\Users\nicol\Desktop\FH Projekte\Second-Year\MMP2\mmp2\vs2022\..\bin\SlimyKnightmare-x86-Debug.exp
main.obj : error LNK2019: unresolved external symbol "__declspec(dllimport) public: __thiscall sf::Clock::Clock(void)" (__imp_??0Clock@sf@@QAE@XZ) referenced in function "public: __thiscall mmt_gd::Fps::Fps(void)" (??0Fps@mmt_gd@@QAE@XZ)
Game.obj : error LNK2001: unresolved external symbol "__declspec(dllimport) public: __thiscall sf::Clock::Clock(void)" (__imp_??0Clock@sf@@QAE@XZ)
main.obj : error LNK2019: unresolved external symbol "__declspec(dllimport) public: __thiscall sf::RenderWindow::RenderWindow(void)" (__imp_??0RenderWindow@sf@@QAE@XZ) referenced in function "public: __thiscall mmt_gd::Game::Game(void)" (??0Game@mmt_gd@@QAE@XZ)
main.obj : error LNK2019: unresolved external symbol "__declspec(dllimport) public: virtual __thiscall sf::RenderWindow::~RenderWindow(void)" (__imp_??1RenderWindow@sf@@UAE@XZ) referenced in function __unwindfunclet$??0Game@mmt_gd@@QAE@XZ$1
main.obj : error LNK2019: unresolved external symbol "__declspec(dllimport) public: __thiscall tgui::SFML_GRAPHICS::Gui::Gui(void)" (__imp_??0Gui@SFML_GRAPHICS@tgui@@QAE@XZ) referenced in function "public: __thiscall mmt_gd::Game::Game(void)" (??0Game@mmt_gd@@QAE@XZ)
main.obj : error LNK2019: unresolved external symbol "__declspec(dllimport) public: virtual __thiscall tgui::SFML_GRAPHICS::Gui::~Gui(void)" (__imp_??1Gui@SFML_GRAPHICS@tgui@@UAE@XZ) referenced in function "public: __thiscall mmt_gd::Game::~Game(void)" (??1Game@mmt_gd@@QAE@XZ)
SpriteManager.obj : error LNK2001: unresolved external symbol "__declspec(dllimport) class std::basic_ostream<char,struct std::char_traits<char> > & __cdecl sf::err(void)" (__imp_?err@sf@@YAAAV?$basic_ostream@DU?$char_traits@D@std@@@std@@XZ)
SpriteRenderComponent.obj : error LNK2001: unresolved external symbol "__declspec(dllimport) class std::basic_ostream<char,struct std::char_traits<char> > & __cdecl sf::err(void)" (__imp_?err@sf@@YAAAV?$basic_ostream@DU?$char_traits@D@std@@@std@@XZ)
TileMapLoader.obj : error LNK2001: unresolved external symbol "__declspec(dllimport) class std::basic_ostream<char,struct std::char_traits<char> > & __cdecl sf::err(void)" (__imp_?err@sf@@YAAAV?$basic_ostream@DU?$char_traits@D@std@@@std@@XZ)
TransformAnimationComponent.obj : error LNK2001: unresolved external symbol "__declspec(dllimport) class std::basic_ostream<char,struct std::char_traits<char> > & __cdecl sf::err(void)" (__imp_?err@sf@@YAAAV?$basic_ostream@DU?$char_traits@D@std@@@std@@XZ)
EventBus.obj : error LNK2001: unresolved external symbol "__declspec(dllimport) class std::basic_ostream<char,struct std::char_traits<char> > & __cdecl sf::err(void)" (__imp_?err@sf@@YAAAV?$basic_ostream@DU?$char_traits@D@std@@@std@@XZ)
ObjectFactory.obj : error LNK2001: unresolved external symbol "__declspec(dllimport) class std::basic_ostream<char,struct std::char_traits<char> > & __cdecl sf::err(void)" (__imp_?err@sf@@YAAAV?$basic_ostream@DU?$char_traits@D@std@@@std@@XZ)
PowerUpManager.obj : error LNK2001: unresolved external symbol "__declspec(dllimport) class std::basic_ostream<char,struct std::char_traits<char> > & __cdecl sf::err(void)" (__imp_?err@sf@@YAAAV?$basic_ostream@DU?$char_traits@D@std@@@std@@XZ)
RigidBodyComponent.obj : error LNK2001: unresolved external symbol "__declspec(dllimport) class std::basic_ostream<char,struct std::char_traits<char> > & __cdecl sf::err(void)" (__imp_?err@sf@@YAAAV?$basic_ostream@DU?$char_traits@D@std@@@std@@XZ)
InputManager.obj : error LNK2001: unresolved external symbol "__declspec(dllimport) class std::basic_ostream<char,struct std::char_traits<char> > & __cdecl sf::err(void)" (__imp_?err@sf@@YAAAV?$basic_ostream@DU?$char_traits@D@std@@@std@@XZ)
AnimatedSprite.obj : error LNK2001: unresolved external symbol "__declspec(dllimport) class std::basic_ostream<char,struct std::char_traits<char> > & __cdecl sf::err(void)" (__imp_?err@sf@@YAAAV?$basic_ostream@DU?$char_traits@D@std@@@std@@XZ)
DebugDraw.obj : error LNK2001: unresolved external symbol "__declspec(dllimport) class std::basic_ostream<char,struct std::char_traits<char> > & __cdecl sf::err(void)" (__imp_?err@sf@@YAAAV?$basic_ostream@DU?$char_traits@D@std@@@std@@XZ)
EndState.obj : error LNK2001: unresolved external symbol "__declspec(dllimport) class std::basic_ostream<char,struct std::char_traits<char> > & __cdecl sf::err(void)" (__imp_?err@sf@@YAAAV?$basic_ostream@DU?$char_traits@D@std@@@std@@XZ)
MainState.obj : error LNK2001: unresolved external symbol "__declspec(dllimport) class std::basic_ostream<char,struct std::char_traits<char> > & __cdecl sf::err(void)" (__imp_?err@sf@@YAAAV?$basic_ostream@DU?$char_traits@D@std@@@std@@XZ)
MenuState.obj : error LNK2001: unresolved external symbol "__declspec(dllimport) class std::basic_ostream<char,struct std::char_traits<char> > & __cdecl sf::err(void)" (__imp_?err@sf@@YAAAV?$basic_ostream@DU?$char_traits@D@std@@@std@@XZ)
GameObject.obj : error LNK2001: unresolved external symbol "__declspec(dllimport) class std::basic_ostream<char,struct std::char_traits<char> > & __cdecl sf::err(void)" (__imp_?err@sf@@YAAAV?$basic_ostream@DU?$char_traits@D@std@@@std@@XZ)
GameStateManager.obj : error LNK2001: unresolved external symbol "__declspec(dllimport) class std::basic_ostream<char,struct std::char_traits<char> > & __cdecl sf::err(void)" (__imp_?err@sf@@YAAAV?$basic_ostream@DU?$char_traits@D@std@@@std@@XZ)
MainState.obj : error LNK2019: unresolved external symbol "__declspec(dllimport) public: __thiscall sf::String::String(char const *,class std::locale const &)" (__imp_??0String@sf@@QAE@PBDABVlocale@std@@@Z) referenced in function "public: virtual void __thiscall mmt_gd::MainState::draw(void)" (?draw@MainState@mmt_gd@@UAEXXZ)
MenuState.obj : error LNK2001: unresolved external symbol "__declspec(dllimport) public: __thiscall sf::String::String(char const *,class std::locale const &)" (__imp_??0String@sf@@QAE@PBDABVlocale@std@@@Z)
EndState.obj : error LNK2001: unresolved external symbol "__declspec(dllimport) public: __thiscall sf::String::String(char const *,class std::locale const &)" (__imp_??0String@sf@@QAE@PBDABVlocale@std@@@Z)
MainState.obj : error LNK2019: unresolved external symbol "__declspec(dllimport) public: __thiscall sf::String::String(class std::basic_string<char,struct std::char_traits<char>,class std::allocator<char> > const &,class std::locale const &)" (__imp_??0String@sf@@QAE@ABV?$basic_string@DU?$char_traits@D@std@@V?$allocator@D@2@@std@@ABVlocale@3@@Z) referenced in function "private: void __thiscall mmt_gd::MainState::drawPoints(void)" (?drawPoints@MainState@mmt_gd@@AAEXXZ)
Game.obj : error LNK2001: unresolved external symbol "__declspec(dllimport) public: __thiscall sf::String::String(class std::basic_string<char,struct std::char_traits<char>,class std::allocator<char> > const &,class std::locale const &)" (__imp_??0String@sf@@QAE@ABV?$basic_string@DU?$char_traits@D@std@@V?$allocator@D@2@@std@@ABVlocale@3@@Z)
DebugDraw.obj : error LNK2001: unresolved external symbol "__declspec(dllimport) public: __thiscall sf::String::String(class std::basic_string<char,struct std::char_traits<char>,class std::allocator<char> > const &,class std::locale const &)" (__imp_??0String@sf@@QAE@ABV?$basic_string@DU?$char_traits@D@std@@V?$allocator@D@2@@std@@ABVlocale@3@@Z)
EndState.obj : error LNK2001: unresolved external symbol "__declspec(dllimport) public: __thiscall sf::String::String(class std::basic_string<char,struct std::char_traits<char>,class std::allocator<char> > const &,class std::locale const &)" (__imp_??0String@sf@@QAE@ABV?$basic_string@DU?$char_traits@D@std@@V?$allocator@D@2@@std@@ABVlocale@3@@Z)
EndState.obj : error LNK2001: unresolved external symbol "__declspec(dllimport) public: __thiscall sf::String::~String(void)" (__imp_??1String@sf@@QAE@XZ)
MainState.obj : error LNK2001: unresolved external symbol "__declspec(dllimport) public: __thiscall sf::String::~String(void)" (__imp_??1String@sf@@QAE@XZ)
MenuState.obj : error LNK2001: unresolved external symbol "__declspec(dllimport) public: __thiscall sf::String::~String(void)" (__imp_??1String@sf@@QAE@XZ)
Game.obj : error LNK2001: unresolved external symbol "__declspec(dllimport) public: __thiscall sf::String::~String(void)" (__imp_??1String@sf@@QAE@XZ)
DebugDraw.obj : error LNK2001: unresolved external symbol "__declspec(dllimport) public: __thiscall sf::String::~String(void)" (__imp_??1String@sf@@QAE@XZ)
MainState.obj : error LNK2019: unresolved external symbol "__declspec(dllimport) public: void __thiscall sf::SoundStream::setLoop(bool)" (__imp_?setLoop@SoundStream@sf@@QAEX_N@Z) referenced in function "public: virtual void __thiscall mmt_gd::MainState::init(void)" (?init@MainState@mmt_gd@@UAEXXZ)
MenuState.obj : error LNK2001: unresolved external symbol "__declspec(dllimport) public: void __thiscall sf::SoundStream::setLoop(bool)" (__imp_?setLoop@SoundStream@sf@@QAEX_N@Z)
EndState.obj : error LNK2001: unresolved external symbol "__declspec(dllimport) public: void __thiscall sf::SoundStream::setLoop(bool)" (__imp_?setLoop@SoundStream@sf@@QAEX_N@Z)
MainState.obj : error LNK2019: unresolved external symbol "__declspec(dllimport) public: __thiscall sf::Music::Music(void)" (__imp_??0Music@sf@@QAE@XZ) referenced in function "public: __thiscall mmt_gd::MainState::MainState(class mmt_gd::GameStateManager *,class mmt_gd::Game *)" (??0MainState@mmt_gd@@QAE@PAVGameStateManager@1@PAVGame@1@@Z)
Game.obj : error LNK2001: unresolved external symbol "__declspec(dllimport) public: __thiscall sf::Music::Music(void)" (__imp_??0Music@sf@@QAE@XZ)
PlayerHealthComponent.obj : error LNK2001: unresolved external symbol "__declspec(dllimport) public: __thiscall sf::Music::Music(void)" (__imp_??0Music@sf@@QAE@XZ)
PowerUpManager.obj : error LNK2001: unresolved external symbol "__declspec(dllimport) public: __thiscall sf::Music::Music(void)" (__imp_??0Music@sf@@QAE@XZ)
HealthPowerUpComponent.obj : error LNK2001: unresolved external symbol "__declspec(dllimport) public: virtual __thiscall sf::Music::~Music(void)" (__imp_??1Music@sf@@UAE@XZ)
PowerUpManager.obj : error LNK2001: unresolved external symbol "__declspec(dllimport) public: virtual __thiscall sf::Music::~Music(void)" (__imp_??1Music@sf@@UAE@XZ)
MainState.obj : error LNK2001: unresolved external symbol "__declspec(dllimport) public: virtual __thiscall sf::Music::~Music(void)" (__imp_??1Music@sf@@UAE@XZ)
Game.obj : error LNK2001: unresolved external symbol "__declspec(dllimport) public: virtual __thiscall sf::Music::~Music(void)" (__imp_??1Music@sf@@UAE@XZ)
EndState.obj : error LNK2001: unresolved external symbol "__declspec(dllimport) public: virtual __thiscall sf::Music::~Music(void)" (__imp_??1Music@sf@@UAE@XZ)
PlayerHealthComponent.obj : error LNK2001: unresolved external symbol "__declspec(dllimport) public: virtual __thiscall sf::Music::~Music(void)" (__imp_??1Music@sf@@UAE@XZ)
PowerUpManager.obj : error LNK2001: unresolved external symbol "__declspec(dllimport) public: bool __thiscall sf::Music::openFromFile(class std::basic_string<char,struct std::char_traits<char>,class std::allocator<char> > const &)" (__imp_?openFromFile@Music@sf@@QAE_NABV?$basic_string@DU?$char_traits@D@std@@V?$allocator@D@2@@std@@@Z)
MainState.obj : error LNK2001: unresolved external symbol "__declspec(dllimport) public: bool __thiscall sf::Music::openFromFile(class std::basic_string<char,struct std::char_traits<char>,class std::allocator<char> > const &)" (__imp_?openFromFile@Music@sf@@QAE_NABV?$basic_string@DU?$char_traits@D@std@@V?$allocator@D@2@@std@@@Z)
MenuState.obj : error LNK2001: unresolved external symbol "__declspec(dllimport) public: bool __thiscall sf::Music::openFromFile(class std::basic_string<char,struct std::char_traits<char>,class std::allocator<char> > const &)" (__imp_?openFromFile@Music@sf@@QAE_NABV?$basic_string@DU?$char_traits@D@std@@V?$allocator@D@2@@std@@@Z)
EndState.obj : error LNK2001: unresolved external symbol "__declspec(dllimport) public: bool __thiscall sf::Music::openFromFile(class std::basic_string<char,struct std::char_traits<char>,class std::allocator<char> > const &)" (__imp_?openFromFile@Music@sf@@QAE_NABV?$basic_string@DU?$char_traits@D@std@@V?$allocator@D@2@@std@@@Z)
PlayerHealthComponent.obj : error LNK2001: unresolved external symbol "__declspec(dllimport) public: bool __thiscall sf::Music::openFromFile(class std::basic_string<char,struct std::char_traits<char>,class std::allocator<char> > const &)" (__imp_?openFromFile@Music@sf@@QAE_NABV?$basic_string@DU?$char_traits@D@std@@V?$allocator@D@2@@std@@@Z)
MainState.obj : error LNK2019: unresolved external symbol "__declspec(dllimport) public: __thiscall sf::Transformable::Transformable(void)" (__imp_??0Transformable@sf@@QAE@XZ) referenced in function "public: __thiscall mmt_gd::GameObject::GameObject(class std::basic_string<char,struct std::char_traits<char>,class std::allocator<char> >)" (??0GameObject@mmt_gd@@QAE@V?$basic_string@DU?$char_traits@D@std@@V?$allocator@D@2@@std@@@Z)
ObjectFactory.obj : error LNK2001: unresolved external symbol "__declspec(dllimport) public: __thiscall sf::Transformable::Transformable(void)" (__imp_??0Transformable@sf@@QAE@XZ)
PowerUpManager.obj : error LNK2001: unresolved external symbol "__declspec(dllimport) public: __thiscall sf::Transformable::Transformable(void)" (__imp_??0Transformable@sf@@QAE@XZ)
TileMapLoader.obj : error LNK2001: unresolved external symbol "__declspec(dllimport) public: __thiscall sf::Transformable::Transformable(void)" (__imp_??0Transformable@sf@@QAE@XZ)
MainState.obj : error LNK2019: unresolved external symbol "__declspec(dllimport) public: virtual __thiscall sf::Transformable::~Transformable(void)" (__imp_??1Transformable@sf@@UAE@XZ) referenced in function __unwindfunclet$??0GameObject@mmt_gd@@QAE@V?$basic_string@DU?$char_traits@D@std@@V?$allocator@D@2@@std@@@Z$1
ObjectFactory.obj : error LNK2001: unresolved external symbol "__declspec(dllimport) public: virtual __thiscall sf::Transformable::~Transformable(void)" (__imp_??1Transformable@sf@@UAE@XZ)
PowerUpManager.obj : error LNK2001: unresolved external symbol "__declspec(dllimport) public: virtual __thiscall sf::Transformable::~Transformable(void)" (__imp_??1Transformable@sf@@UAE@XZ)
TileMapLoader.obj : error LNK2001: unresolved external symbol "__declspec(dllimport) public: virtual __thiscall sf::Transformable::~Transformable(void)" (__imp_??1Transformable@sf@@UAE@XZ)
TileMapLoader.obj : error LNK2001: unresolved external symbol "__declspec(dllimport) public: void __thiscall sf::Transformable::setPosition(float,float)" (__imp_?setPosition@Transformable@sf@@QAEXMM@Z)
MainState.obj : error LNK2001: unresolved external symbol "__declspec(dllimport) public: void __thiscall sf::Transformable::setPosition(float,float)" (__imp_?setPosition@Transformable@sf@@QAEXMM@Z)
AnimatedSprite.obj : error LNK2001: unresolved external symbol "__declspec(dllimport) public: void __thiscall sf::Transformable::setPosition(float,float)" (__imp_?setPosition@Transformable@sf@@QAEXMM@Z)
EndState.obj : error LNK2001: unresolved external symbol "__declspec(dllimport) public: void __thiscall sf::Transformable::setPosition(float,float)" (__imp_?setPosition@Transformable@sf@@QAEXMM@Z)
ObjectFactory.obj : error LNK2001: unresolved external symbol "__declspec(dllimport) public: void __thiscall sf::Transformable::setPosition(float,float)" (__imp_?setPosition@Transformable@sf@@QAEXMM@Z)
PowerUpManager.obj : error LNK2001: unresolved external symbol "__declspec(dllimport) public: void __thiscall sf::Transformable::setPosition(class sf::Vector2<float> const &)" (__imp_?setPosition@Transformable@sf@@QAEXABV?$Vector2@M@2@@Z)
RigidBodyComponent.obj : error LNK2001: unresolved external symbol "__declspec(dllimport) public: void __thiscall sf::Transformable::setPosition(class sf::Vector2<float> const &)" (__imp_?setPosition@Transformable@sf@@QAEXABV?$Vector2@M@2@@Z)
MainState.obj : error LNK2001: unresolved external symbol "__declspec(dllimport) public: void __thiscall sf::Transformable::setPosition(class sf::Vector2<float> const &)" (__imp_?setPosition@Transformable@sf@@QAEXABV?$Vector2@M@2@@Z)
MenuState.obj : error LNK2001: unresolved external symbol "__declspec(dllimport) public: void __thiscall sf::Transformable::setPosition(class sf::Vector2<float> const &)" (__imp_?setPosition@Transformable@sf@@QAEXABV?$Vector2@M@2@@Z)
DebugDraw.obj : error LNK2001: unresolved external symbol "__declspec(dllimport) public: void __thiscall sf::Transformable::setPosition(class sf::Vector2<float> const &)" (__imp_?setPosition@Transformable@sf@@QAEXABV?$Vector2@M@2@@Z)
EndState.obj : error LNK2001: unresolved external symbol "__declspec(dllimport) public: void __thiscall sf::Transformable::setPosition(class sf::Vector2<float> const &)" (__imp_?setPosition@Transformable@sf@@QAEXABV?$Vector2@M@2@@Z)
CameraRenderComponent.obj : error LNK2001: unresolved external symbol "__declspec(dllimport) public: class sf::Vector2<float> const & __thiscall sf::Transformable::getPosition(void)const " (__imp_?getPosition@Transformable@sf@@QBEABV?$Vector2@M@2@XZ)
PowerUpManager.obj : error LNK2001: unresolved external symbol "__declspec(dllimport) public: class sf::Vector2<float> const & __thiscall sf::Transformable::getPosition(void)const " (__imp_?getPosition@Transformable@sf@@QBEABV?$Vector2@M@2@XZ)
RigidBodyComponent.obj : error LNK2001: unresolved external symbol "__declspec(dllimport) public: class sf::Vector2<float> const & __thiscall sf::Transformable::getPosition(void)const " (__imp_?getPosition@Transformable@sf@@QBEABV?$Vector2@M@2@XZ)
TransformAnimationSmoothFollow.obj : error LNK2001: unresolved external symbol "__declspec(dllimport) public: class sf::Vector2<float> const & __thiscall sf::Transformable::getPosition(void)const " (__imp_?getPosition@Transformable@sf@@QBEABV?$Vector2@M@2@XZ)
MainState.obj : error LNK2001: unresolved external symbol "__declspec(dllimport) public: class sf::Vector2<float> const & __thiscall sf::Transformable::getPosition(void)const " (__imp_?getPosition@Transformable@sf@@QBEABV?$Vector2@M@2@XZ)
DebugDraw.obj : error LNK2001: unresolved external symbol "__declspec(dllimport) public: class sf::Vector2<float> const & __thiscall sf::Transformable::getPosition(void)const " (__imp_?getPosition@Transformable@sf@@QBEABV?$Vector2@M@2@XZ)
EndState.obj : error LNK2001: unresolved external symbol "__declspec(dllimport) public: class sf::Vector2<float> const & __thiscall sf::Transformable::getPosition(void)const " (__imp_?getPosition@Transformable@sf@@QBEABV?$Vector2@M@2@XZ)
PlayerMoveComponent.obj : error LNK2001: unresolved external symbol "__declspec(dllimport) public: class sf::Vector2<float> const & __thiscall sf::Transformable::getPosition(void)const " (__imp_?getPosition@Transformable@sf@@QBEABV?$Vector2@M@2@XZ)
MainState.obj : error LNK2019: unresolved external symbol "__declspec(dllimport) public: __thiscall sf::VertexArray::VertexArray(enum sf::PrimitiveType,unsigned int)" (__imp_??0VertexArray@sf@@QAE@W4PrimitiveType@1@I@Z) referenced in function "private: void __thiscall mmt_gd::MainState::drawDashCooldownCircle(void)" (?drawDashCooldownCircle@MainState@mmt_gd@@AAEXXZ)
DebugDraw.obj : error LNK2001: unresolved external symbol "__declspec(dllimport) public: __thiscall sf::VertexArray::VertexArray(enum sf::PrimitiveType,unsigned int)" (__imp_??0VertexArray@sf@@QAE@W4PrimitiveType@1@I@Z)
MainState.obj : error LNK2019: unresolved external symbol "__declspec(dllimport) public: class sf::Vertex & __thiscall sf::VertexArray::operator[](unsigned int)" (__imp_??AVertexArray@sf@@QAEAAVVertex@1@I@Z) referenced in function "private: void __thiscall mmt_gd::MainState::drawDashCooldownCircle(void)" (?drawDashCooldownCircle@MainState@mmt_gd@@AAEXXZ)
DebugDraw.obj : error LNK2001: unresolved external symbol "__declspec(dllimport) public: class sf::Vertex & __thiscall sf::VertexArray::operator[](unsigned int)" (__imp_??AVertexArray@sf@@QAEAAVVertex@1@I@Z)
MainState.obj : error LNK2019: unresolved external symbol "__declspec(dllimport) public: virtual __thiscall sf::VertexArray::~VertexArray(void)" (__imp_??1VertexArray@sf@@UAE@XZ) referenced in function "private: void __thiscall mmt_gd::MainState::drawDashCooldownCircle(void)" (?drawDashCooldownCircle@MainState@mmt_gd@@AAEXXZ)
DebugDraw.obj : error LNK2001: unresolved external symbol "__declspec(dllimport) public: virtual __thiscall sf::VertexArray::~VertexArray(void)" (__imp_??1VertexArray@sf@@UAE@XZ)
MainState.obj : error LNK2019: unresolved external symbol "__declspec(dllimport) public: void __thiscall sf::Shape::setFillColor(class sf::Color const &)" (__imp_?setFillColor@Shape@sf@@QAEXABVColor@2@@Z) referenced in function "public: virtual void __thiscall mmt_gd::MainState::draw(void)" (?draw@MainState@mmt_gd@@UAEXXZ)
DebugDraw.obj : error LNK2001: unresolved external symbol "__declspec(dllimport) public: void __thiscall sf::Shape::setFillColor(class sf::Color const &)" (__imp_?setFillColor@Shape@sf@@QAEXABVColor@2@@Z)
MainState.obj : error LNK2019: unresolved external symbol "__declspec(dllimport) public: __thiscall sf::Font::Font(void)" (__imp_??0Font@sf@@QAE@XZ) referenced in function "public: __thiscall mmt_gd::MainState::MainState(class mmt_gd::GameStateManager *,class mmt_gd::Game *)" (??0MainState@mmt_gd@@QAE@PAVGameStateManager@1@PAVGame@1@@Z)
Game.obj : error LNK2001: unresolved external symbol "__declspec(dllimport) public: __thiscall sf::Font::Font(void)" (__imp_??0Font@sf@@QAE@XZ)
DebugDraw.obj : error LNK2001: unresolved external symbol "__declspec(dllimport) public: __thiscall sf::Font::Font(void)" (__imp_??0Font@sf@@QAE@XZ)
HealthPowerUpComponent.obj : error LNK2001: unresolved external symbol "__declspec(dllimport) public: __thiscall sf::Font::~Font(void)" (__imp_??1Font@sf@@QAE@XZ)
PowerUpManager.obj : error LNK2001: unresolved external symbol "__declspec(dllimport) public: __thiscall sf::Font::~Font(void)" (__imp_??1Font@sf@@QAE@XZ)
MainState.obj : error LNK2001: unresolved external symbol "__declspec(dllimport) public: __thiscall sf::Font::~Font(void)" (__imp_??1Font@sf@@QAE@XZ)
Game.obj : error LNK2001: unresolved external symbol "__declspec(dllimport) public: __thiscall sf::Font::~Font(void)" (__imp_??1Font@sf@@QAE@XZ)
DebugDraw.obj : error LNK2001: unresolved external symbol "__declspec(dllimport) public: __thiscall sf::Font::~Font(void)" (__imp_??1Font@sf@@QAE@XZ)
EndState.obj : error LNK2001: unresolved external symbol "__declspec(dllimport) public: __thiscall sf::Font::~Font(void)" (__imp_??1Font@sf@@QAE@XZ)
MainState.obj : error LNK2019: unresolved external symbol "__declspec(dllimport) public: bool __thiscall sf::Font::loadFromFile(class std::basic_string<char,struct std::char_traits<char>,class std::allocator<char> > const &)" (__imp_?loadFromFile@Font@sf@@QAE_NABV?$basic_string@DU?$char_traits@D@std@@V?$allocator@D@2@@std@@@Z) referenced in function "public: virtual void __thiscall mmt_gd::MainState::draw(void)" (?draw@MainState@mmt_gd@@UAEXXZ)
MenuState.obj : error LNK2001: unresolved external symbol "__declspec(dllimport) public: bool __thiscall sf::Font::loadFromFile(class std::basic_string<char,struct std::char_traits<char>,class std::allocator<char> > const &)" (__imp_?loadFromFile@Font@sf@@QAE_NABV?$basic_string@DU?$char_traits@D@std@@V?$allocator@D@2@@std@@@Z)
DebugDraw.obj : error LNK2001: unresolved external symbol "__declspec(dllimport) public: bool __thiscall sf::Font::loadFromFile(class std::basic_string<char,struct std::char_traits<char>,class std::allocator<char> > const &)" (__imp_?loadFromFile@Font@sf@@QAE_NABV?$basic_string@DU?$char_traits@D@std@@V?$allocator@D@2@@std@@@Z)
EndState.obj : error LNK2001: unresolved external symbol "__declspec(dllimport) public: bool __thiscall sf::Font::loadFromFile(class std::basic_string<char,struct std::char_traits<char>,class std::allocator<char> > const &)" (__imp_?loadFromFile@Font@sf@@QAE_NABV?$basic_string@DU?$char_traits@D@std@@V?$allocator@D@2@@std@@@Z)
MainState.obj : error LNK2019: unresolved external symbol "__declspec(dllimport) public: __thiscall sf::RectangleShape::RectangleShape(class sf::Vector2<float> const &)" (__imp_??0RectangleShape@sf@@QAE@ABV?$Vector2@M@1@@Z) referenced in function "public: virtual void __thiscall mmt_gd::MainState::draw(void)" (?draw@MainState@mmt_gd@@UAEXXZ)
DebugDraw.obj : error LNK2001: unresolved external symbol "__declspec(dllimport) public: __thiscall sf::RectangleShape::RectangleShape(class sf::Vector2<float> const &)" (__imp_??0RectangleShape@sf@@QAE@ABV?$Vector2@M@1@@Z)
MainState.obj : error LNK2019: unresolved external symbol "__declspec(dllimport) public: virtual __thiscall sf::RectangleShape::~RectangleShape(void)" (__imp_??1RectangleShape@sf@@UAE@XZ) referenced in function "public: virtual void __thiscall mmt_gd::MainState::draw(void)" (?draw@MainState@mmt_gd@@UAEXXZ)
DebugDraw.obj : error LNK2001: unresolved external symbol "__declspec(dllimport) public: virtual __thiscall sf::RectangleShape::~RectangleShape(void)" (__imp_??1RectangleShape@sf@@UAE@XZ)
MainState.obj : error LNK2019: unresolved external symbol "__declspec(dllimport) public: __thiscall sf::View::View(void)" (__imp_??0View@sf@@QAE@XZ) referenced in function "public: __thiscall mmt_gd::MainState::MainState(class mmt_gd::GameStateManager *,class mmt_gd::Game *)" (??0MainState@mmt_gd@@QAE@PAVGameStateManager@1@PAVGame@1@@Z)
Game.obj : error LNK2001: unresolved external symbol "__declspec(dllimport) public: __thiscall sf::View::View(void)" (__imp_??0View@sf@@QAE@XZ)
MainState.obj : error LNK2019: unresolved external symbol "__declspec(dllimport) public: class sf::Vector2<float> const & __thiscall sf::View::getCenter(void)const " (__imp_?getCenter@View@sf@@QBEABV?$Vector2@M@2@XZ) referenced in function "public: virtual void __thiscall mmt_gd::MainState::draw(void)" (?draw@MainState@mmt_gd@@UAEXXZ)
MenuState.obj : error LNK2001: unresolved external symbol "__declspec(dllimport) public: class sf::Vector2<float> const & __thiscall sf::View::getCenter(void)const " (__imp_?getCenter@View@sf@@QBEABV?$Vector2@M@2@XZ)
EndState.obj : error LNK2001: unresolved external symbol "__declspec(dllimport) public: class sf::Vector2<float> const & __thiscall sf::View::getCenter(void)const " (__imp_?getCenter@View@sf@@QBEABV?$Vector2@M@2@XZ)
MainState.obj : error LNK2019: unresolved external symbol "__declspec(dllimport) public: class sf::Vector2<float> const & __thiscall sf::View::getSize(void)const " (__imp_?getSize@View@sf@@QBEABV?$Vector2@M@2@XZ) referenced in function "public: virtual void __thiscall mmt_gd::MainState::draw(void)" (?draw@MainState@mmt_gd@@UAEXXZ)
CameraRenderComponent.obj : error LNK2001: unresolved external symbol "__declspec(dllimport) public: class sf::Vector2<float> const & __thiscall sf::View::getSize(void)const " (__imp_?getSize@View@sf@@QBEABV?$Vector2@M@2@XZ)
MainState.obj : error LNK2019: unresolved external symbol "__declspec(dllimport) public: class sf::View const & __thiscall sf::RenderTarget::getView(void)const " (__imp_?getView@RenderTarget@sf@@QBEABVView@2@XZ) referenced in function "public: virtual void __thiscall mmt_gd::MainState::draw(void)" (?draw@MainState@mmt_gd@@UAEXXZ)
MenuState.obj : error LNK2001: unresolved external symbol "__declspec(dllimport) public: class sf::View const & __thiscall sf::RenderTarget::getView(void)const " (__imp_?getView@RenderTarget@sf@@QBEABVView@2@XZ)
EndState.obj : error LNK2001: unresolved external symbol "__declspec(dllimport) public: class sf::View const & __thiscall sf::RenderTarget::getView(void)const " (__imp_?getView@RenderTarget@sf@@QBEABVView@2@XZ)
CameraRenderComponent.obj : error LNK2001: unresolved external symbol "__declspec(dllimport) public: class sf::View const & __thiscall sf::RenderTarget::getView(void)const " (__imp_?getView@RenderTarget@sf@@QBEABVView@2@XZ)
EndState.obj : error LNK2001: unresolved external symbol "__declspec(dllimport) public: void __thiscall sf::RenderTarget::draw(class sf::Drawable const &,class sf::RenderStates const &)" (__imp_?draw@RenderTarget@sf@@QAEXABVDrawable@2@ABVRenderStates@2@@Z)
SpriteRenderComponent.obj : error LNK2001: unresolved external symbol "__declspec(dllimport) public: void __thiscall sf::RenderTarget::draw(class sf::Drawable const &,class sf::RenderStates const &)" (__imp_?draw@RenderTarget@sf@@QAEXABVDrawable@2@ABVRenderStates@2@@Z)
TileLayerRenderComponent.obj : error LNK2001: unresolved external symbol "__declspec(dllimport) public: void __thiscall sf::RenderTarget::draw(class sf::Drawable const &,class sf::RenderStates const &)" (__imp_?draw@RenderTarget@sf@@QAEXABVDrawable@2@ABVRenderStates@2@@Z)
MainState.obj : error LNK2001: unresolved external symbol "__declspec(dllimport) public: void __thiscall sf::RenderTarget::draw(class sf::Drawable const &,class sf::RenderStates const &)" (__imp_?draw@RenderTarget@sf@@QAEXABVDrawable@2@ABVRenderStates@2@@Z)
MenuState.obj : error LNK2001: unresolved external symbol "__declspec(dllimport) public: void __thiscall sf::RenderTarget::draw(class sf::Drawable const &,class sf::RenderStates const &)" (__imp_?draw@RenderTarget@sf@@QAEXABVDrawable@2@ABVRenderStates@2@@Z)
AnimatedSprite.obj : error LNK2001: unresolved external symbol "__declspec(dllimport) public: void __thiscall sf::RenderTarget::draw(class sf::Drawable const &,class sf::RenderStates const &)" (__imp_?draw@RenderTarget@sf@@QAEXABVDrawable@2@ABVRenderStates@2@@Z)
DebugDraw.obj : error LNK2001: unresolved external symbol "__declspec(dllimport) public: void __thiscall sf::RenderTarget::draw(class sf::Drawable const &,class sf::RenderStates const &)" (__imp_?draw@RenderTarget@sf@@QAEXABVDrawable@2@ABVRenderStates@2@@Z)
MainState.obj : error LNK2019: unresolved external symbol "__declspec(dllimport) public: __thiscall sf::Text::Text(void)" (__imp_??0Text@sf@@QAE@XZ) referenced in function "public: __thiscall mmt_gd::MainState::MainState(class mmt_gd::GameStateManager *,class mmt_gd::Game *)" (??0MainState@mmt_gd@@QAE@PAVGameStateManager@1@PAVGame@1@@Z)
Game.obj : error LNK2001: unresolved external symbol "__declspec(dllimport) public: __thiscall sf::Text::Text(void)" (__imp_??0Text@sf@@QAE@XZ)
DebugDraw.obj : error LNK2001: unresolved external symbol "__declspec(dllimport) public: __thiscall sf::Text::Text(void)" (__imp_??0Text@sf@@QAE@XZ)
EndState.obj : error LNK2001: unresolved external symbol "__declspec(dllimport) public: __thiscall sf::Text::Text(void)" (__imp_??0Text@sf@@QAE@XZ)
MainState.obj : error LNK2019: unresolved external symbol "__declspec(dllimport) public: void __thiscall sf::Text::setString(class sf::String const &)" (__imp_?setString@Text@sf@@QAEXABVString@2@@Z) referenced in function "public: virtual void __thiscall mmt_gd::MainState::draw(void)" (?draw@MainState@mmt_gd@@UAEXXZ)
MenuState.obj : error LNK2001: unresolved external symbol "__declspec(dllimport) public: void __thiscall sf::Text::setString(class sf::String const &)" (__imp_?setString@Text@sf@@QAEXABVString@2@@Z)
DebugDraw.obj : error LNK2001: unresolved external symbol "__declspec(dllimport) public: void __thiscall sf::Text::setString(class sf::String const &)" (__imp_?setString@Text@sf@@QAEXABVString@2@@Z)
EndState.obj : error LNK2001: unresolved external symbol "__declspec(dllimport) public: void __thiscall sf::Text::setString(class sf::String const &)" (__imp_?setString@Text@sf@@QAEXABVString@2@@Z)
MainState.obj : error LNK2019: unresolved external symbol "__declspec(dllimport) public: void __thiscall sf::Text::setFont(class sf::Font const &)" (__imp_?setFont@Text@sf@@QAEXABVFont@2@@Z) referenced in function "public: virtual void __thiscall mmt_gd::MainState::draw(void)" (?draw@MainState@mmt_gd@@UAEXXZ)
MenuState.obj : error LNK2001: unresolved external symbol "__declspec(dllimport) public: void __thiscall sf::Text::setFont(class sf::Font const &)" (__imp_?setFont@Text@sf@@QAEXABVFont@2@@Z)
DebugDraw.obj : error LNK2001: unresolved external symbol "__declspec(dllimport) public: void __thiscall sf::Text::setFont(class sf::Font const &)" (__imp_?setFont@Text@sf@@QAEXABVFont@2@@Z)
EndState.obj : error LNK2001: unresolved external symbol "__declspec(dllimport) public: void __thiscall sf::Text::setFont(class sf::Font const &)" (__imp_?setFont@Text@sf@@QAEXABVFont@2@@Z)
MainState.obj : error LNK2019: unresolved external symbol "__declspec(dllimport) public: void __thiscall sf::Text::setCharacterSize(unsigned int)" (__imp_?setCharacterSize@Text@sf@@QAEXI@Z) referenced in function "public: virtual void __thiscall mmt_gd::MainState::draw(void)" (?draw@MainState@mmt_gd@@UAEXXZ)
DebugDraw.obj : error LNK2001: unresolved external symbol "__declspec(dllimport) public: void __thiscall sf::Text::setCharacterSize(unsigned int)" (__imp_?setCharacterSize@Text@sf@@QAEXI@Z)
EndState.obj : error LNK2001: unresolved external symbol "__declspec(dllimport) public: void __thiscall sf::Text::setCharacterSize(unsigned int)" (__imp_?setCharacterSize@Text@sf@@QAEXI@Z)
MainState.obj : error LNK2019: unresolved external symbol "__declspec(dllimport) public: void __thiscall sf::Text::setFillColor(class sf::Color const &)" (__imp_?setFillColor@Text@sf@@QAEXABVColor@2@@Z) referenced in function "public: virtual void __thiscall mmt_gd::MainState::draw(void)" (?draw@MainState@mmt_gd@@UAEXXZ)
MenuState.obj : error LNK2001: unresolved external symbol "__declspec(dllimport) public: void __thiscall sf::Text::setFillColor(class sf::Color const &)" (__imp_?setFillColor@Text@sf@@QAEXABVColor@2@@Z)
DebugDraw.obj : error LNK2001: unresolved external symbol "__declspec(dllimport) public: void __thiscall sf::Text::setFillColor(class sf::Color const &)" (__imp_?setFillColor@Text@sf@@QAEXABVColor@2@@Z)
EndState.obj : error LNK2001: unresolved external symbol "__declspec(dllimport) public: void __thiscall sf::Text::setFillColor(class sf::Color const &)" (__imp_?setFillColor@Text@sf@@QAEXABVColor@2@@Z)
HealthPowerUpComponent.obj : error LNK2001: unresolved external symbol "__declspec(dllimport) public: virtual __thiscall sf::Text::~Text(void)" (__imp_??1Text@sf@@UAE@XZ)
PowerUpManager.obj : error LNK2001: unresolved external symbol "__declspec(dllimport) public: virtual __thiscall sf::Text::~Text(void)" (__imp_??1Text@sf@@UAE@XZ)
MainState.obj : error LNK2001: unresolved external symbol "__declspec(dllimport) public: virtual __thiscall sf::Text::~Text(void)" (__imp_??1Text@sf@@UAE@XZ)
Game.obj : error LNK2001: unresolved external symbol "__declspec(dllimport) public: virtual __thiscall sf::Text::~Text(void)" (__imp_??1Text@sf@@UAE@XZ)
DebugDraw.obj : error LNK2001: unresolved external symbol "__declspec(dllimport) public: virtual __thiscall sf::Text::~Text(void)" (__imp_??1Text@sf@@UAE@XZ)
EndState.obj : error LNK2001: unresolved external symbol "__declspec(dllimport) public: virtual __thiscall sf::Text::~Text(void)" (__imp_??1Text@sf@@UAE@XZ)
TileLayerRenderComponent.obj : error LNK2001: unresolved external symbol "__declspec(dllimport) public: static class sf::RenderStates const sf::RenderStates::Default" (__imp_?Default@RenderStates@sf@@2V12@B)
MainState.obj : error LNK2001: unresolved external symbol "__declspec(dllimport) public: static class sf::RenderStates const sf::RenderStates::Default" (__imp_?Default@RenderStates@sf@@2V12@B)
MenuState.obj : error LNK2001: unresolved external symbol "__declspec(dllimport) public: static class sf::RenderStates const sf::RenderStates::Default" (__imp_?Default@RenderStates@sf@@2V12@B)
DebugDraw.obj : error LNK2001: unresolved external symbol "__declspec(dllimport) public: static class sf::RenderStates const sf::RenderStates::Default" (__imp_?Default@RenderStates@sf@@2V12@B)
EndState.obj : error LNK2001: unresolved external symbol "__declspec(dllimport) public: static class sf::RenderStates const sf::RenderStates::Default" (__imp_?Default@RenderStates@sf@@2V12@B)
MainState.obj : error LNK2019: unresolved external symbol "__declspec(dllimport) public: static class sf::Color const sf::Color::White" (__imp_?White@Color@sf@@2V12@B) referenced in function "public: virtual void __thiscall mmt_gd::MainState::draw(void)" (?draw@MainState@mmt_gd@@UAEXXZ)
MenuState.obj : error LNK2001: unresolved external symbol "__declspec(dllimport) public: static class sf::Color const sf::Color::White" (__imp_?White@Color@sf@@2V12@B)
EndState.obj : error LNK2001: unresolved external symbol "__declspec(dllimport) public: static class sf::Color const sf::Color::White" (__imp_?White@Color@sf@@2V12@B)
MainState.obj : error LNK2019: unresolved external symbol "__declspec(dllimport) public: static class sf::Color const sf::Color::Red" (__imp_?Red@Color@sf@@2V12@B) referenced in function "public: virtual void __thiscall mmt_gd::MainState::draw(void)" (?draw@MainState@mmt_gd@@UAEXXZ)
DebugDraw.obj : error LNK2001: unresolved external symbol "__declspec(dllimport) public: static class sf::Color const sf::Color::Red" (__imp_?Red@Color@sf@@2V12@B)
MainState.obj : error LNK2019: unresolved external symbol "__declspec(dllimport) public: static class sf::Color const sf::Color::Green" (__imp_?Green@Color@sf@@2V12@B) referenced in function "public: virtual void __thiscall mmt_gd::MainState::draw(void)" (?draw@MainState@mmt_gd@@UAEXXZ)
DebugDraw.obj : error LNK2001: unresolved external symbol "__declspec(dllimport) public: static class sf::Color const sf::Color::Green" (__imp_?Green@Color@sf@@2V12@B)
RigidBodyComponent.obj : error LNK2001: unresolved external symbol "__declspec(dllimport) public: static class sf::Color const sf::Color::Green" (__imp_?Green@Color@sf@@2V12@B)
MainState.obj : error LNK2019: unresolved external symbol "__declspec(dllimport) public: static class sf::Color const sf::Color::Blue" (__imp_?Blue@Color@sf@@2V12@B) referenced in function "private: void __thiscall mmt_gd::MainState::drawDashCooldownCircle(void)" (?drawDashCooldownCircle@MainState@mmt_gd@@AAEXXZ)
MenuState.obj : error LNK2019: unresolved external symbol "__declspec(dllimport) public: void __thiscall sf::Transformable::setOrigin(float,float)" (__imp_?setOrigin@Transformable@sf@@QAEXMM@Z) referenced in function "public: virtual void __thiscall mmt_gd::MenuState::init(void)" (?init@MenuState@mmt_gd@@UAEXXZ)
DebugDraw.obj : error LNK2001: unresolved external symbol "__declspec(dllimport) public: void __thiscall sf::Transformable::setOrigin(float,float)" (__imp_?setOrigin@Transformable@sf@@QAEXMM@Z)
EndState.obj : error LNK2001: unresolved external symbol "__declspec(dllimport) public: void __thiscall sf::Transformable::setOrigin(float,float)" (__imp_?setOrigin@Transformable@sf@@QAEXMM@Z)
MenuState.obj : error LNK2019: unresolved external symbol "__declspec(dllimport) public: bool __thiscall sf::Texture::loadFromFile(class std::basic_string<char,struct std::char_traits<char>,class std::allocator<char> > const &,class sf::Rect<int> const &)" (__imp_?loadFromFile@Texture@sf@@QAE_NABV?$basic_string@DU?$char_traits@D@std@@V?$allocator@D@2@@std@@ABV?$Rect@H@2@@Z) referenced in function "public: virtual void __thiscall mmt_gd::MenuState::init(void)" (?init@MenuState@mmt_gd@@UAEXXZ)
EndState.obj : error LNK2001: unresolved external symbol "__declspec(dllimport) public: bool __thiscall sf::Texture::loadFromFile(class std::basic_string<char,struct std::char_traits<char>,class std::allocator<char> > const &,class sf::Rect<int> const &)" (__imp_?loadFromFile@Texture@sf@@QAE_NABV?$basic_string@DU?$char_traits@D@std@@V?$allocator@D@2@@std@@ABV?$Rect@H@2@@Z)
TileMapLoader.obj : error LNK2001: unresolved external symbol "__declspec(dllimport) public: bool __thiscall sf::Texture::loadFromFile(class std::basic_string<char,struct std::char_traits<char>,class std::allocator<char> > const &,class sf::Rect<int> const &)" (__imp_?loadFromFile@Texture@sf@@QAE_NABV?$basic_string@DU?$char_traits@D@std@@V?$allocator@D@2@@std@@ABV?$Rect@H@2@@Z)
MenuState.obj : error LNK2019: unresolved external symbol "__declspec(dllimport) public: void __thiscall sf::RenderTarget::setView(class sf::View const &)" (__imp_?setView@RenderTarget@sf@@QAEXABVView@2@@Z) referenced in function "public: virtual void __thiscall mmt_gd::MenuState::update(float)" (?update@MenuState@mmt_gd@@UAEXM@Z)
EndState.obj : error LNK2001: unresolved external symbol "__declspec(dllimport) public: void __thiscall sf::RenderTarget::setView(class sf::View const &)" (__imp_?setView@RenderTarget@sf@@QAEXABVView@2@@Z)
CameraRenderComponent.obj : error LNK2001: unresolved external symbol "__declspec(dllimport) public: void __thiscall sf::RenderTarget::setView(class sf::View const &)" (__imp_?setView@RenderTarget@sf@@QAEXABVView@2@@Z)
TileMapLoader.obj : error LNK2001: unresolved external symbol "__declspec(dllimport) public: void __thiscall sf::Sprite::setTexture(class sf::Texture const &,bool)" (__imp_?setTexture@Sprite@sf@@QAEXABVTexture@2@_N@Z)
MenuState.obj : error LNK2001: unresolved external symbol "__declspec(dllimport) public: void __thiscall sf::Sprite::setTexture(class sf::Texture const &,bool)" (__imp_?setTexture@Sprite@sf@@QAEXABVTexture@2@_N@Z)
AnimatedSprite.obj : error LNK2001: unresolved external symbol "__declspec(dllimport) public: void __thiscall sf::Sprite::setTexture(class sf::Texture const &,bool)" (__imp_?setTexture@Sprite@sf@@QAEXABVTexture@2@_N@Z)
EndState.obj : error LNK2001: unresolved external symbol "__declspec(dllimport) public: void __thiscall sf::Sprite::setTexture(class sf::Texture const &,bool)" (__imp_?setTexture@Sprite@sf@@QAEXABVTexture@2@_N@Z)
SpriteRenderComponent.obj : error LNK2001: unresolved external symbol "__declspec(dllimport) public: void __thiscall sf::Sprite::setTexture(class sf::Texture const &,bool)" (__imp_?setTexture@Sprite@sf@@QAEXABVTexture@2@_N@Z)
MenuState.obj : error LNK2019: unresolved external symbol "__declspec(dllimport) public: class sf::Rect<float> __thiscall sf::Sprite::getLocalBounds(void)const " (__imp_?getLocalBounds@Sprite@sf@@QBE?AV?$Rect@M@2@XZ) referenced in function "public: virtual void __thiscall mmt_gd::MenuState::init(void)" (?init@MenuState@mmt_gd@@UAEXXZ)
EndState.obj : error LNK2001: unresolved external symbol "__declspec(dllimport) public: class sf::Rect<float> __thiscall sf::Sprite::getLocalBounds(void)const " (__imp_?getLocalBounds@Sprite@sf@@QBE?AV?$Rect@M@2@XZ)
MenuState.obj : error LNK2019: unresolved external symbol "__declspec(dllimport) public: class sf::Rect<float> __thiscall sf::Text::getLocalBounds(void)const " (__imp_?getLocalBounds@Text@sf@@QBE?AV?$Rect@M@2@XZ) referenced in function "public: virtual void __thiscall mmt_gd::MenuState::init(void)" (?init@MenuState@mmt_gd@@UAEXXZ)
DebugDraw.obj : error LNK2001: unresolved external symbol "__declspec(dllimport) public: class sf::Rect<float> __thiscall sf::Text::getLocalBounds(void)const " (__imp_?getLocalBounds@Text@sf@@QBE?AV?$Rect@M@2@XZ)
EndState.obj : error LNK2001: unresolved external symbol "__declspec(dllimport) public: class sf::Rect<float> __thiscall sf::Text::getLocalBounds(void)const " (__imp_?getLocalBounds@Text@sf@@QBE?AV?$Rect@M@2@XZ)
MenuState.obj : error LNK2019: unresolved external symbol "__declspec(dllimport) public: __thiscall tgui::String::String(void)" (__imp_??0String@tgui@@QAE@XZ) referenced in function "public: __thiscall tgui::Layout::Layout<float,float>(float)" (??$?0MM@Layout@tgui@@QAE@M@Z)
MenuState.obj : error LNK2019: unresolved external symbol "__declspec(dllimport) public: __thiscall tgui::String::String(char const *)" (__imp_??0String@tgui@@QAE@PBD@Z) referenced in function "public: virtual void __thiscall mmt_gd::MenuState::update(float)" (?update@MenuState@mmt_gd@@UAEXM@Z)
MenuState.obj : error LNK2019: unresolved external symbol "__declspec(dllimport) public: __thiscall tgui::String::~String(void)" (__imp_??1String@tgui@@QAE@XZ) referenced in function "public: virtual void __thiscall mmt_gd::MenuState::update(float)" (?update@MenuState@mmt_gd@@UAEXM@Z)
MenuState.obj : error LNK2019: unresolved external symbol "__declspec(dllimport) public: __thiscall tgui::Layout::~Layout(void)" (__imp_??1Layout@tgui@@QAE@XZ) referenced in function "public: void * __thiscall tgui::Layout::`scalar deleting destructor'(unsigned int)" (??_GLayout@tgui@@QAEPAXI@Z)
MenuState.obj : error LNK2019: unresolved external symbol "__declspec(dllimport) public: void __thiscall tgui::Widget::setPosition(class tgui::Layout,class tgui::Layout)" (__imp_?setPosition@Widget@tgui@@QAEXVLayout@2@0@Z) referenced in function "public: virtual void __thiscall mmt_gd::MenuState::update(float)" (?update@MenuState@mmt_gd@@UAEXM@Z)
MenuState.obj : error LNK2019: unresolved external symbol "__declspec(dllimport) public: class tgui::Vector2<float> __thiscall tgui::Widget::getSize(void)const " (__imp_?getSize@Widget@tgui@@QBE?AV?$Vector2@M@2@XZ) referenced in function "public: virtual void __thiscall mmt_gd::MenuState::update(float)" (?update@MenuState@mmt_gd@@UAEXM@Z)
MenuState.obj : error LNK2019: unresolved external symbol "__declspec(dllimport) public: class std::shared_ptr<class tgui::Widget> __thiscall tgui::BackendGui::get(class tgui::String const &)const " (__imp_?get@BackendGui@tgui@@QBE?AV?$shared_ptr@VWidget@tgui@@@std@@ABVString@2@@Z) referenced in function "public: virtual void __thiscall mmt_gd::MenuState::update(float)" (?update@MenuState@mmt_gd@@UAEXM@Z)
MenuState.obj : error LNK2019: unresolved external symbol "__declspec(dllimport) public: void __thiscall tgui::BackendGui::removeAllWidgets(void)" (__imp_?removeAllWidgets@BackendGui@tgui@@QAEXXZ) referenced in function "public: virtual void __thiscall mmt_gd::MenuState::exit(void)" (?exit@MenuState@mmt_gd@@UAEXXZ)
EndState.obj : error LNK2001: unresolved external symbol "__declspec(dllimport) public: void __thiscall tgui::BackendGui::removeAllWidgets(void)" (__imp_?removeAllWidgets@BackendGui@tgui@@QAEXXZ)
MenuState.obj : error LNK2019: unresolved external symbol "__declspec(dllimport) protected: static unsigned int tgui::Signal::m_lastSignalId" (__imp_?m_lastSignalId@Signal@tgui@@1IA) referenced in function "public: unsigned int __thiscall tgui::Signal::connect<class <lambda_673e59e1c42efbd40c61427dee8bb839>,0>(class <lambda_673e59e1c42efbd40c61427dee8bb839> const &)" (??$connect@V<lambda_673e59e1c42efbd40c61427dee8bb839>@@$$V$0A@@Signal@tgui@@QAEIABV<lambda_673e59e1c42efbd40c61427dee8bb839>@@@Z)
Game.obj : error LNK2019: unresolved external symbol "__declspec(dllimport) public: float __thiscall sf::Time::asSeconds(void)const " (__imp_?asSeconds@Time@sf@@QBEMXZ) referenced in function "public: void __thiscall mmt_gd::Fps::update(void)" (?update@Fps@mmt_gd@@QAEXXZ)
Game.obj : error LNK2019: unresolved external symbol "__declspec(dllimport) public: class sf::Time __thiscall sf::Clock::getElapsedTime(void)const " (__imp_?getElapsedTime@Clock@sf@@QBE?AVTime@2@XZ) referenced in function "public: void __thiscall mmt_gd::Fps::update(void)" (?update@Fps@mmt_gd@@QAEXXZ)
Game.obj : error LNK2019: unresolved external symbol "__declspec(dllimport) public: class sf::Time __thiscall sf::Clock::restart(void)" (__imp_?restart@Clock@sf@@QAE?AVTime@2@XZ) referenced in function "public: void __thiscall mmt_gd::Fps::update(void)" (?update@Fps@mmt_gd@@QAEXXZ)
Game.obj : error LNK2019: unresolved external symbol "__declspec(dllimport) public: __thiscall sf::VideoMode::VideoMode(unsigned int,unsigned int,unsigned int)" (__imp_??0VideoMode@sf@@QAE@III@Z) referenced in function "private: bool __thiscall mmt_gd::Game::init(void)" (?init@Game@mmt_gd@@AAE_NXZ)
Game.obj : error LNK2019: unresolved external symbol "__declspec(dllimport) public: bool __thiscall sf::WindowBase::isOpen(void)const " (__imp_?isOpen@WindowBase@sf@@QBE_NXZ) referenced in function "public: void __thiscall mmt_gd::Game::run(void)" (?run@Game@mmt_gd@@QAEXXZ)
Game.obj : error LNK2019: unresolved external symbol "__declspec(dllimport) public: bool __thiscall sf::WindowBase::pollEvent(class sf::Event &)" (__imp_?pollEvent@WindowBase@sf@@QAE_NAAVEvent@2@@Z) referenced in function "public: void __thiscall mmt_gd::Game::run(void)" (?run@Game@mmt_gd@@QAEXXZ)
Game.obj : error LNK2019: unresolved external symbol "__declspec(dllimport) public: void __thiscall sf::WindowBase::setTitle(class sf::String const &)" (__imp_?setTitle@WindowBase@sf@@QAEXABVString@2@@Z) referenced in function "private: void __thiscall mmt_gd::Game::update(void)" (?update@Game@mmt_gd@@AAEXXZ)
Game.obj : error LNK2019: unresolved external symbol "__declspec(dllimport) public: void __thiscall sf::Window::display(void)" (__imp_?display@Window@sf@@QAEXXZ) referenced in function "private: void __thiscall mmt_gd::Game::draw(void)" (?draw@Game@mmt_gd@@AAEXXZ)
Game.obj : error LNK2019: unresolved external symbol "__declspec(dllimport) public: __thiscall sf::Color::Color(unsigned char,unsigned char,unsigned char,unsigned char)" (__imp_??0Color@sf@@QAE@EEEE@Z) referenced in function "private: void __thiscall mmt_gd::Game::draw(void)" (?draw@Game@mmt_gd@@AAEXXZ)
PhysicsManager.obj : error LNK2001: unresolved external symbol "__declspec(dllimport) public: __thiscall sf::Color::Color(unsigned char,unsigned char,unsigned char,unsigned char)" (__imp_??0Color@sf@@QAE@EEEE@Z)
Game.obj : error LNK2019: unresolved external symbol "__declspec(dllimport) public: __thiscall sf::Texture::Texture(void)" (__imp_??0Texture@sf@@QAE@XZ) referenced in function "public: __thiscall mmt_gd::EndState::EndState(class mmt_gd::GameStateManager *,class mmt_gd::Game *)" (??0EndState@mmt_gd@@QAE@PAVGameStateManager@1@PAVGame@1@@Z)
AnimatedSprite.obj : error LNK2001: unresolved external symbol "__declspec(dllimport) public: __thiscall sf::Texture::Texture(void)" (__imp_??0Texture@sf@@QAE@XZ)
SpriteRenderComponent.obj : error LNK2001: unresolved external symbol "__declspec(dllimport) public: __thiscall sf::Texture::Texture(void)" (__imp_??0Texture@sf@@QAE@XZ)
TileMapLoader.obj : error LNK2001: unresolved external symbol "__declspec(dllimport) public: __thiscall sf::Texture::Texture(void)" (__imp_??0Texture@sf@@QAE@XZ)
Game.obj : error LNK2019: unresolved external symbol "__declspec(dllimport) public: __thiscall sf::Texture::~Texture(void)" (__imp_??1Texture@sf@@QAE@XZ) referenced in function __unwindfunclet$??0EndState@mmt_gd@@QAE@PAVGameStateManager@1@PAVGame@1@@Z$7
AnimatedSprite.obj : error LNK2001: unresolved external symbol "__declspec(dllimport) public: __thiscall sf::Texture::~Texture(void)" (__imp_??1Texture@sf@@QAE@XZ)
SpriteRenderComponent.obj : error LNK2001: unresolved external symbol "__declspec(dllimport) public: __thiscall sf::Texture::~Texture(void)" (__imp_??1Texture@sf@@QAE@XZ)
TileMapLoader.obj : error LNK2001: unresolved external symbol "__declspec(dllimport) public: __thiscall sf::Texture::~Texture(void)" (__imp_??1Texture@sf@@QAE@XZ)
Game.obj : error LNK2019: unresolved external symbol "__declspec(dllimport) public: void __thiscall sf::RenderTarget::clear(class sf::Color const &)" (__imp_?clear@RenderTarget@sf@@QAEXABVColor@2@@Z) referenced in function "private: void __thiscall mmt_gd::Game::draw(void)" (?draw@Game@mmt_gd@@AAEXXZ)
    Hint on symbols that are defined and could potentially match:
      "__declspec(dllimport) public: void __thiscall std::basic_ios<char,struct std::char_traits<char> >::clear(int,bool)" (__imp_?clear@?$basic_ios@DU?$char_traits@D@std@@@std@@QAEXH_N@Z)
Game.obj : error LNK2019: unresolved external symbol "__declspec(dllimport) public: __thiscall sf::Sprite::Sprite(void)" (__imp_??0Sprite@sf@@QAE@XZ) referenced in function "public: __thiscall mmt_gd::EndState::EndState(class mmt_gd::GameStateManager *,class mmt_gd::Game *)" (??0EndState@mmt_gd@@QAE@PAVGameStateManager@1@PAVGame@1@@Z)
AnimatedSprite.obj : error LNK2001: unresolved external symbol "__declspec(dllimport) public: __thiscall sf::Sprite::Sprite(void)" (__imp_??0Sprite@sf@@QAE@XZ)
SpriteRenderComponent.obj : error LNK2001: unresolved external symbol "__declspec(dllimport) public: __thiscall sf::Sprite::Sprite(void)" (__imp_??0Sprite@sf@@QAE@XZ)
TileMapLoader.obj : error LNK2001: unresolved external symbol "__declspec(dllimport) public: __thiscall sf::Sprite::Sprite(void)" (__imp_??0Sprite@sf@@QAE@XZ)
Game.obj : error LNK2019: unresolved external symbol "__declspec(dllimport) public: virtual __thiscall sf::Sprite::~Sprite(void)" (__imp_??1Sprite@sf@@UAE@XZ) referenced in function "public: virtual __thiscall mmt_gd::EndState::~EndState(void)" (??1EndState@mmt_gd@@UAE@XZ)
AnimatedSprite.obj : error LNK2001: unresolved external symbol "__declspec(dllimport) public: virtual __thiscall sf::Sprite::~Sprite(void)" (__imp_??1Sprite@sf@@UAE@XZ)
SpriteRenderComponent.obj : error LNK2001: unresolved external symbol "__declspec(dllimport) public: virtual __thiscall sf::Sprite::~Sprite(void)" (__imp_??1Sprite@sf@@UAE@XZ)
TileMapLoader.obj : error LNK2001: unresolved external symbol "__declspec(dllimport) public: virtual __thiscall sf::Sprite::~Sprite(void)" (__imp_??1Sprite@sf@@UAE@XZ)
Game.obj : error LNK2019: unresolved external symbol "__declspec(dllimport) public: bool __thiscall tgui::BackendGuiSFML::handleEvent(class sf::Event)" (__imp_?handleEvent@BackendGuiSFML@tgui@@QAE_NVEvent@sf@@@Z) referenced in function "public: void __thiscall mmt_gd::Game::run(void)" (?run@Game@mmt_gd@@QAEXXZ)
Game.obj : error LNK2019: unresolved external symbol "__declspec(dllimport) public: void __thiscall tgui::SFML_GRAPHICS::Gui::setTarget(class sf::RenderWindow &)" (__imp_?setTarget@Gui@SFML_GRAPHICS@tgui@@QAEXAAVRenderWindow@sf@@@Z) referenced in function "private: bool __thiscall mmt_gd::Game::init(void)" (?init@Game@mmt_gd@@AAE_NXZ)
InputManager.obj : error LNK2019: unresolved external symbol "__declspec(dllimport) public: static class sf::Vector2<int> __cdecl sf::Mouse::getPosition(class sf::WindowBase const &)" (__imp_?getPosition@Mouse@sf@@SA?AV?$Vector2@H@2@ABVWindowBase@2@@Z) referenced in function "public: class sf::Vector2<float> __thiscall mmt_gd::InputManager::getMousePosition(void)const " (?getMousePosition@InputManager@mmt_gd@@QBE?AV?$Vector2@M@sf@@XZ)
AnimatedSprite.obj : error LNK2019: unresolved external symbol "__declspec(dllimport) public: __thiscall sf::RenderStates::RenderStates(class sf::Transform const &)" (__imp_??0RenderStates@sf@@QAE@ABVTransform@1@@Z) referenced in function "public: virtual void __thiscall mmt_gd::SpriteAnimationComponent::draw(void)" (?draw@SpriteAnimationComponent@mmt_gd@@UAEXXZ)
SpriteRenderComponent.obj : error LNK2001: unresolved external symbol "__declspec(dllimport) public: __thiscall sf::RenderStates::RenderStates(class sf::Transform const &)" (__imp_??0RenderStates@sf@@QAE@ABVTransform@1@@Z)
AnimatedSprite.obj : error LNK2019: unresolved external symbol "__declspec(dllimport) public: class sf::Transform const & __thiscall sf::Transformable::getTransform(void)const " (__imp_?getTransform@Transformable@sf@@QBEABVTransform@2@XZ) referenced in function "public: virtual void __thiscall mmt_gd::SpriteAnimationComponent::draw(void)" (?draw@SpriteAnimationComponent@mmt_gd@@UAEXXZ)
SpriteRenderComponent.obj : error LNK2001: unresolved external symbol "__declspec(dllimport) public: class sf::Transform const & __thiscall sf::Transformable::getTransform(void)const " (__imp_?getTransform@Transformable@sf@@QBEABVTransform@2@XZ)
AnimatedSprite.obj : error LNK2019: unresolved external symbol "__declspec(dllimport) public: __thiscall sf::Image::Image(void)" (__imp_??0Image@sf@@QAE@XZ) referenced in function "public: virtual bool __thiscall mmt_gd::SpriteAnimationComponent::init(void)" (?init@SpriteAnimationComponent@mmt_gd@@UAE_NXZ)
SpriteRenderComponent.obj : error LNK2001: unresolved external symbol "__declspec(dllimport) public: __thiscall sf::Image::Image(void)" (__imp_??0Image@sf@@QAE@XZ)
AnimatedSprite.obj : error LNK2019: unresolved external symbol "__declspec(dllimport) public: __thiscall sf::Image::~Image(void)" (__imp_??1Image@sf@@QAE@XZ) referenced in function "public: virtual bool __thiscall mmt_gd::SpriteAnimationComponent::init(void)" (?init@SpriteAnimationComponent@mmt_gd@@UAE_NXZ)
SpriteRenderComponent.obj : error LNK2001: unresolved external symbol "__declspec(dllimport) public: __thiscall sf::Image::~Image(void)" (__imp_??1Image@sf@@QAE@XZ)
AnimatedSprite.obj : error LNK2019: unresolved external symbol "__declspec(dllimport) public: bool __thiscall sf::Image::loadFromFile(class std::basic_string<char,struct std::char_traits<char>,class std::allocator<char> > const &)" (__imp_?loadFromFile@Image@sf@@QAE_NABV?$basic_string@DU?$char_traits@D@std@@V?$allocator@D@2@@std@@@Z) referenced in function "public: virtual bool __thiscall mmt_gd::SpriteAnimationComponent::init(void)" (?init@SpriteAnimationComponent@mmt_gd@@UAE_NXZ)
SpriteRenderComponent.obj : error LNK2001: unresolved external symbol "__declspec(dllimport) public: bool __thiscall sf::Image::loadFromFile(class std::basic_string<char,struct std::char_traits<char>,class std::allocator<char> > const &)" (__imp_?loadFromFile@Image@sf@@QAE_NABV?$basic_string@DU?$char_traits@D@std@@V?$allocator@D@2@@std@@@Z)
AnimatedSprite.obj : error LNK2019: unresolved external symbol "__declspec(dllimport) public: void __thiscall sf::Image::createMaskFromColor(class sf::Color const &,unsigned char)" (__imp_?createMaskFromColor@Image@sf@@QAEXABVColor@2@E@Z) referenced in function "public: virtual bool __thiscall mmt_gd::SpriteAnimationComponent::init(void)" (?init@SpriteAnimationComponent@mmt_gd@@UAE_NXZ)
SpriteRenderComponent.obj : error LNK2001: unresolved external symbol "__declspec(dllimport) public: void __thiscall sf::Image::createMaskFromColor(class sf::Color const &,unsigned char)" (__imp_?createMaskFromColor@Image@sf@@QAEXABVColor@2@E@Z)
AnimatedSprite.obj : error LNK2019: unresolved external symbol "__declspec(dllimport) public: bool __thiscall sf::Texture::loadFromImage(class sf::Image const &,class sf::Rect<int> const &)" (__imp_?loadFromImage@Texture@sf@@QAE_NABVImage@2@ABV?$Rect@H@2@@Z) referenced in function "public: virtual bool __thiscall mmt_gd::SpriteAnimationComponent::init(void)" (?init@SpriteAnimationComponent@mmt_gd@@UAE_NXZ)
SpriteRenderComponent.obj : error LNK2001: unresolved external symbol "__declspec(dllimport) public: bool __thiscall sf::Texture::loadFromImage(class sf::Image const &,class sf::Rect<int> const &)" (__imp_?loadFromImage@Texture@sf@@QAE_NABVImage@2@ABV?$Rect@H@2@@Z)
AnimatedSprite.obj : error LNK2019: unresolved external symbol "__declspec(dllimport) public: class sf::Vector2<unsigned int> __thiscall sf::Texture::getSize(void)const " (__imp_?getSize@Texture@sf@@QBE?AV?$Vector2@I@2@XZ) referenced in function "private: void __thiscall mmt_gd::SpriteAnimationComponent::setTextureRect(void)" (?setTextureRect@SpriteAnimationComponent@mmt_gd@@AAEXXZ)
TileMapLoader.obj : error LNK2001: unresolved external symbol "__declspec(dllimport) public: class sf::Vector2<unsigned int> __thiscall sf::Texture::getSize(void)const " (__imp_?getSize@Texture@sf@@QBE?AV?$Vector2@I@2@XZ)
AnimatedSprite.obj : error LNK2019: unresolved external symbol "__declspec(dllimport) public: void __thiscall sf::Sprite::setTextureRect(class sf::Rect<int> const &)" (__imp_?setTextureRect@Sprite@sf@@QAEXABV?$Rect@H@2@@Z) referenced in function "public: virtual bool __thiscall mmt_gd::SpriteAnimationComponent::init(void)" (?init@SpriteAnimationComponent@mmt_gd@@UAE_NXZ)
ObjectFactory.obj : error LNK2001: unresolved external symbol "__declspec(dllimport) public: void __thiscall sf::Sprite::setTextureRect(class sf::Rect<int> const &)" (__imp_?setTextureRect@Sprite@sf@@QAEXABV?$Rect@H@2@@Z)
PowerUpManager.obj : error LNK2001: unresolved external symbol "__declspec(dllimport) public: void __thiscall sf::Sprite::setTextureRect(class sf::Rect<int> const &)" (__imp_?setTextureRect@Sprite@sf@@QAEXABV?$Rect@H@2@@Z)
TileMapLoader.obj : error LNK2001: unresolved external symbol "__declspec(dllimport) public: void __thiscall sf::Sprite::setTextureRect(class sf::Rect<int> const &)" (__imp_?setTextureRect@Sprite@sf@@QAEXABV?$Rect@H@2@@Z)
AnimatedSprite.obj : error LNK2019: unresolved external symbol "__declspec(dllimport) public: static class sf::Color const sf::Color::Black" (__imp_?Black@Color@sf@@2V12@B) referenced in function "public: virtual bool __thiscall mmt_gd::SpriteAnimationComponent::init(void)" (?init@SpriteAnimationComponent@mmt_gd@@UAE_NXZ)
EndState.obj : error LNK2001: unresolved external symbol "__declspec(dllimport) public: static class sf::Color const sf::Color::Black" (__imp_?Black@Color@sf@@2V12@B)
SpriteRenderComponent.obj : error LNK2001: unresolved external symbol "__declspec(dllimport) public: static class sf::Color const sf::Color::Black" (__imp_?Black@Color@sf@@2V12@B)
DebugDraw.obj : error LNK2019: unresolved external symbol "__declspec(dllimport) public: void __thiscall sf::Transformable::setRotation(float)" (__imp_?setRotation@Transformable@sf@@QAEXM@Z) referenced in function "public: void __thiscall mmt_gd::DebugDraw::drawPolygonShape(class b2PolygonShape const &,class mmt_gd::GameObject const &,struct b2Color const &)" (?drawPolygonShape@DebugDraw@mmt_gd@@QAEXABVb2PolygonShape@@ABVGameObject@2@ABUb2Color@@@Z)
RigidBodyComponent.obj : error LNK2001: unresolved external symbol "__declspec(dllimport) public: void __thiscall sf::Transformable::setRotation(float)" (__imp_?setRotation@Transformable@sf@@QAEXM@Z)
DebugDraw.obj : error LNK2019: unresolved external symbol "__declspec(dllimport) public: void __thiscall sf::Transformable::setOrigin(class sf::Vector2<float> const &)" (__imp_?setOrigin@Transformable@sf@@QAEXABV?$Vector2@M@2@@Z) referenced in function "public: void __thiscall mmt_gd::DebugDraw::drawCircle(class sf::Vector2<float> const &,float,class sf::Color const &,class sf::Color const &)" (?drawCircle@DebugDraw@mmt_gd@@QAEXABV?$Vector2@M@sf@@MABVColor@4@1@Z)
DebugDraw.obj : error LNK2019: unresolved external symbol "__declspec(dllimport) public: float __thiscall sf::Transformable::getRotation(void)const " (__imp_?getRotation@Transformable@sf@@QBEMXZ) referenced in function "public: void __thiscall mmt_gd::DebugDraw::drawPolygonShape(class b2PolygonShape const &,class mmt_gd::GameObject const &,struct b2Color const &)" (?drawPolygonShape@DebugDraw@mmt_gd@@QAEXABVb2PolygonShape@@ABVGameObject@2@ABUb2Color@@@Z)
DebugDraw.obj : error LNK2019: unresolved external symbol "__declspec(dllimport) public: void __thiscall sf::Shape::setOutlineColor(class sf::Color const &)" (__imp_?setOutlineColor@Shape@sf@@QAEXABVColor@2@@Z) referenced in function "public: virtual void __thiscall mmt_gd::DebugDraw::DrawCircle(struct b2Vec2 const &,float,struct b2Color const &)" (?DrawCircle@DebugDraw@mmt_gd@@UAEXABUb2Vec2@@MABUb2Color@@@Z)
DebugDraw.obj : error LNK2019: unresolved external symbol "__declspec(dllimport) public: void __thiscall sf::Shape::setOutlineThickness(float)" (__imp_?setOutlineThickness@Shape@sf@@QAEXM@Z) referenced in function "public: virtual void __thiscall mmt_gd::DebugDraw::DrawPolygon(struct b2Vec2 const *,int,struct b2Color const &)" (?DrawPolygon@DebugDraw@mmt_gd@@UAEXPBUb2Vec2@@HABUb2Color@@@Z)
DebugDraw.obj : error LNK2019: unresolved external symbol "__declspec(dllimport) public: __thiscall sf::CircleShape::CircleShape(float,unsigned int)" (__imp_??0CircleShape@sf@@QAE@MI@Z) referenced in function "void __cdecl std::_Construct_in_place<class sf::CircleShape,float const &>(class sf::CircleShape &,float const &)" (??$_Construct_in_place@VCircleShape@sf@@ABM@std@@YAXAAVCircleShape@sf@@ABM@Z)
DebugDraw.obj : error LNK2019: unresolved external symbol "__declspec(dllimport) public: virtual __thiscall sf::CircleShape::~CircleShape(void)" (__imp_??1CircleShape@sf@@UAE@XZ) referenced in function "public: virtual void * __thiscall sf::CircleShape::`scalar deleting destructor'(unsigned int)" (??_GCircleShape@sf@@UAEPAXI@Z)
DebugDraw.obj : error LNK2019: unresolved external symbol "__declspec(dllimport) public: __thiscall sf::ConvexShape::ConvexShape(unsigned int)" (__imp_??0ConvexShape@sf@@QAE@I@Z) referenced in function "void __cdecl std::_Construct_in_place<class sf::ConvexShape>(class sf::ConvexShape &)" (??$_Construct_in_place@VConvexShape@sf@@$$V@std@@YAXAAVConvexShape@sf@@@Z)
DebugDraw.obj : error LNK2019: unresolved external symbol "__declspec(dllimport) public: void __thiscall sf::ConvexShape::setPointCount(unsigned int)" (__imp_?setPointCount@ConvexShape@sf@@QAEXI@Z) referenced in function "public: void __thiscall mmt_gd::DebugDraw::drawAabb(struct b2AABB const *,class sf::Color const &)" (?drawAabb@DebugDraw@mmt_gd@@QAEXPBUb2AABB@@ABVColor@sf@@@Z)
DebugDraw.obj : error LNK2019: unresolved external symbol "__declspec(dllimport) public: void __thiscall sf::ConvexShape::setPoint(unsigned int,class sf::Vector2<float> const &)" (__imp_?setPoint@ConvexShape@sf@@QAEXIABV?$Vector2@M@2@@Z) referenced in function "public: virtual void __thiscall mmt_gd::DebugDraw::DrawPolygon(struct b2Vec2 const *,int,struct b2Color const &)" (?DrawPolygon@DebugDraw@mmt_gd@@UAEXPBUb2Vec2@@HABUb2Color@@@Z)
DebugDraw.obj : error LNK2019: unresolved external symbol "__declspec(dllimport) public: virtual __thiscall sf::ConvexShape::~ConvexShape(void)" (__imp_??1ConvexShape@sf@@UAE@XZ) referenced in function "public: virtual void * __thiscall sf::ConvexShape::`scalar deleting destructor'(unsigned int)" (??_GConvexShape@sf@@UAEPAXI@Z)
DebugDraw.obj : error LNK2001: unresolved external symbol "public: virtual class sf::Vector2<float> __thiscall sf::RectangleShape::getPoint(unsigned int)const " (?getPoint@RectangleShape@sf@@UBE?AV?$Vector2@M@2@I@Z)
DebugDraw.obj : error LNK2001: unresolved external symbol "public: virtual unsigned int __thiscall sf::RectangleShape::getPointCount(void)const " (?getPointCount@RectangleShape@sf@@UBEIXZ)
DebugDraw.obj : error LNK2001: unresolved external symbol "private: virtual void __thiscall sf::Text::draw(class sf::RenderTarget &,class sf::RenderStates)const " (?draw@Text@sf@@EBEXAAVRenderTarget@2@VRenderStates@2@@Z)
DebugDraw.obj : error LNK2001: unresolved external symbol "public: virtual class sf::Vector2<float> __thiscall sf::ConvexShape::getPoint(unsigned int)const " (?getPoint@ConvexShape@sf@@UBE?AV?$Vector2@M@2@I@Z)
DebugDraw.obj : error LNK2001: unresolved external symbol "public: virtual unsigned int __thiscall sf::ConvexShape::getPointCount(void)const " (?getPointCount@ConvexShape@sf@@UBEIXZ)
DebugDraw.obj : error LNK2001: unresolved external symbol "public: virtual class sf::Vector2<float> __thiscall sf::CircleShape::getPoint(unsigned int)const " (?getPoint@CircleShape@sf@@UBE?AV?$Vector2@M@2@I@Z)
DebugDraw.obj : error LNK2001: unresolved external symbol "public: virtual unsigned int __thiscall sf::CircleShape::getPointCount(void)const " (?getPointCount@CircleShape@sf@@UBEIXZ)
DebugDraw.obj : error LNK2001: unresolved external symbol "private: virtual void __thiscall sf::Shape::draw(class sf::RenderTarget &,class sf::RenderStates)const " (?draw@Shape@sf@@EBEXAAVRenderTarget@2@VRenderStates@2@@Z)
DebugDraw.obj : error LNK2001: unresolved external symbol "private: virtual void __thiscall sf::VertexArray::draw(class sf::RenderTarget &,class sf::RenderStates)const " (?draw@VertexArray@sf@@EBEXAAVRenderTarget@2@VRenderStates@2@@Z)
DebugDraw.obj : error LNK2019: unresolved external symbol "__declspec(dllimport) public: static class sf::Color const sf::Color::Transparent" (__imp_?Transparent@Color@sf@@2V12@B) referenced in function "public: void __thiscall mmt_gd::DebugDraw::drawAabb(struct b2AABB const *,class sf::Color const &)" (?drawAabb@DebugDraw@mmt_gd@@QAEXPBUb2AABB@@ABVColor@sf@@@Z)
EndState.obj : error LNK2019: unresolved external symbol "__declspec(dllimport) public: void __thiscall sf::Transformable::setScale(float,float)" (__imp_?setScale@Transformable@sf@@QAEXMM@Z) referenced in function "public: virtual void __thiscall mmt_gd::EndState::init(void)" (?init@EndState@mmt_gd@@UAEXXZ)
EndState.obj : error LNK2019: unresolved external symbol "__declspec(dllimport) public: void __thiscall sf::Transformable::move(float,float)" (__imp_?move@Transformable@sf@@QAEXMM@Z) referenced in function "public: virtual void __thiscall mmt_gd::EndState::init(void)" (?init@EndState@mmt_gd@@UAEXXZ)
EndState.obj : error LNK2019: unresolved external symbol "__declspec(dllimport) public: class sf::Rect<float> __thiscall sf::Text::getGlobalBounds(void)const " (__imp_?getGlobalBounds@Text@sf@@QBE?AV?$Rect@M@2@XZ) referenced in function "public: virtual void __thiscall mmt_gd::EndState::draw(void)" (?draw@EndState@mmt_gd@@UAEXXZ)
CameraRenderComponent.obj : error LNK2019: unresolved external symbol "__declspec(dllimport) public: void __thiscall sf::View::setCenter(float,float)" (__imp_?setCenter@View@sf@@QAEXMM@Z) referenced in function "public: virtual void __thiscall mmt_gd::CameraRenderComponent::update(float)" (?update@CameraRenderComponent@mmt_gd@@UAEXM@Z)
TransformAnimationSmoothFollow.obj : error LNK2019: unresolved external symbol "__declspec(dllimport) public: void __thiscall sf::Transformable::move(class sf::Vector2<float> const &)" (__imp_?move@Transformable@sf@@QAEXABV?$Vector2@M@2@@Z) referenced in function "public: virtual void __thiscall mmt::TransformAnimationSmoothFollow::update(float,class sf::Transformable &)" (?update@TransformAnimationSmoothFollow@mmt@@UAEXMAAVTransformable@sf@@@Z)
TransformAnimationConstantMotion.obj : error LNK2001: unresolved external symbol "__declspec(dllimport) public: void __thiscall sf::Transformable::move(class sf::Vector2<float> const &)" (__imp_?move@Transformable@sf@@QAEXABV?$Vector2@M@2@@Z)
TileMapLoader.obj : error LNK2001: unresolved external symbol "private: virtual void __thiscall sf::Sprite::draw(class sf::RenderTarget &,class sf::RenderStates)const " (?draw@Sprite@sf@@EBEXAAVRenderTarget@2@VRenderStates@2@@Z)
C:\SDK\cmake\target\SFML\lib\sfml-graphics-d.lib : warning LNK4272: library machine type 'x64' conflicts with target machine type 'x86'
C:\SDK\cmake\target\SFML\lib\sfml-system-d.lib : warning LNK4272: library machine type 'x64' conflicts with target machine type 'x86'
C:\SDK\cmake\target\SFML\lib\sfml-window-d.lib : warning LNK4272: library machine type 'x64' conflicts with target machine type 'x86'
C:\SDK\cmake\target\SFML\lib\sfml-network-d.lib : warning LNK4272: library machine type 'x64' conflicts with target machine type 'x86'
C:\SDK\cmake\target\SFML\lib\sfml-audio-d.lib : warning LNK4272: library machine type 'x64' conflicts with target machine type 'x86'
C:\SDK\cmake\target\TGUI\lib\tgui-d.lib : warning LNK4272: library machine type 'x64' conflicts with target machine type 'x86'
C:\Users\nicol\Desktop\FH Projekte\Second-Year\MMP2\mmp2\vs2022\..\bin\SlimyKnightmare-x86-Debug.exe : fatal error LNK1120: 112 unresolved externals
